Started GET "/" for 127.0.0.1 at 2019-03-04 11:13:53 +0700
Processing by Rails::WelcomeController#index as HTML
Completed 500 Internal Server Error in 1285ms


  
Gem::LoadError (Specified 'sqlite3' for database adapter, but the gem is not loaded. Add `gem 'sqlite3'` to your Gemfile (and ensure its version is at the minimum required by ActiveRecord).):
  
activerecord (5.1.6.1) lib/active_record/connection_adapters/connection_specification.rb:188:in `rescue in spec'
activerecord (5.1.6.1) lib/active_record/connection_adapters/connection_specification.rb:185:in `spec'
activerecord (5.1.6.1) lib/active_record/connection_adapters/abstract/connection_pool.rb:880:in `establish_connection'
activerecord (5.1.6.1) lib/active_record/connection_handling.rb:58:in `establish_connection'
activerecord (5.1.6.1) lib/active_record/railtie.rb:124:in `block (2 levels) in <class:Railtie>'
activesupport (5.1.6.1) lib/active_support/lazy_load_hooks.rb:69:in `instance_eval'
activesupport (5.1.6.1) lib/active_support/lazy_load_hooks.rb:69:in `block in execute_hook'
activesupport (5.1.6.1) lib/active_support/lazy_load_hooks.rb:60:in `with_execution_control'
activesupport (5.1.6.1) lib/active_support/lazy_load_hooks.rb:65:in `execute_hook'
activesupport (5.1.6.1) lib/active_support/lazy_load_hooks.rb:50:in `block in run_load_hooks'
activesupport (5.1.6.1) lib/active_support/lazy_load_hooks.rb:49:in `each'
activesupport (5.1.6.1) lib/active_support/lazy_load_hooks.rb:49:in `run_load_hooks'
activerecord (5.1.6.1) lib/active_record/base.rb:326:in `<module:ActiveRecord>'
activerecord (5.1.6.1) lib/active_record/base.rb:25:in `<top (required)>'
activesupport (5.1.6.1) lib/active_support/dependencies.rb:292:in `require'
activesupport (5.1.6.1) lib/active_support/dependencies.rb:292:in `block in require'
activesupport (5.1.6.1) lib/active_support/dependencies.rb:258:in `load_dependency'
activesupport (5.1.6.1) lib/active_support/dependencies.rb:292:in `require'
activerecord (5.1.6.1) lib/active_record/railties/controller_runtime.rb:26:in `cleanup_view_runtime'
actionpack (5.1.6.1) lib/action_controller/metal/instrumentation.rb:43:in `render'
actionpack (5.1.6.1) lib/action_controller/metal/implicit_render.rb:33:in `default_render'
actionpack (5.1.6.1) lib/action_controller/metal/basic_implicit_render.rb:4:in `block in send_action'
actionpack (5.1.6.1) lib/action_controller/metal/basic_implicit_render.rb:4:in `tap'
actionpack (5.1.6.1) lib/action_controller/metal/basic_implicit_render.rb:4:in `send_action'
actionpack (5.1.6.1) lib/abstract_controller/base.rb:186:in `process_action'
actionpack (5.1.6.1) lib/action_controller/metal/rendering.rb:30:in `process_action'
actionpack (5.1.6.1) lib/abstract_controller/callbacks.rb:20:in `block in process_action'
activesupport (5.1.6.1) lib/active_support/callbacks.rb:131:in `run_callbacks'
actionpack (5.1.6.1) lib/abstract_controller/callbacks.rb:19:in `process_action'
actionpack (5.1.6.1) lib/action_controller/metal/rescue.rb:20:in `process_action'
actionpack (5.1.6.1) lib/action_controller/metal/instrumentation.rb:32:in `block in process_action'
activesupport (5.1.6.1) lib/active_support/notifications.rb:166:in `block in instrument'
activesupport (5.1.6.1) lib/active_support/notifications/instrumenter.rb:21:in `instrument'
activesupport (5.1.6.1) lib/active_support/notifications.rb:166:in `instrument'
actionpack (5.1.6.1) lib/action_controller/metal/instrumentation.rb:30:in `process_action'
actionpack (5.1.6.1) lib/action_controller/metal/params_wrapper.rb:252:in `process_action'
activerecord (5.1.6.1) lib/active_record/railties/controller_runtime.rb:22:in `process_action'
actionpack (5.1.6.1) lib/abstract_controller/base.rb:124:in `process'
actionview (5.1.6.1) lib/action_view/rendering.rb:30:in `process'
actionpack (5.1.6.1) lib/action_controller/metal.rb:189:in `dispatch'
actionpack (5.1.6.1) lib/action_controller/metal.rb:253:in `dispatch'
actionpack (5.1.6.1) lib/action_dispatch/routing/route_set.rb:49:in `dispatch'
actionpack (5.1.6.1) lib/action_dispatch/routing/route_set.rb:31:in `serve'
actionpack (5.1.6.1) lib/action_dispatch/journey/router.rb:50:in `block in serve'
actionpack (5.1.6.1) lib/action_dispatch/journey/router.rb:33:in `each'
actionpack (5.1.6.1) lib/action_dispatch/journey/router.rb:33:in `serve'
actionpack (5.1.6.1) lib/action_dispatch/routing/route_set.rb:844:in `call'
rack (2.0.6) lib/rack/etag.rb:25:in `call'
rack (2.0.6) lib/rack/conditional_get.rb:25:in `call'
rack (2.0.6) lib/rack/head.rb:12:in `call'
rack (2.0.6) lib/rack/session/abstract/id.rb:232:in `context'
rack (2.0.6) lib/rack/session/abstract/id.rb:226:in `call'
actionpack (5.1.6.1) lib/action_dispatch/middleware/cookies.rb:613:in `call'
activerecord (5.1.6.1) lib/active_record/migration.rb:556:in `call'
actionpack (5.1.6.1) lib/action_dispatch/middleware/callbacks.rb:26:in `block in call'
activesupport (5.1.6.1) lib/active_support/callbacks.rb:97:in `run_callbacks'
actionpack (5.1.6.1) lib/action_dispatch/middleware/callbacks.rb:24:in `call'
actionpack (5.1.6.1) lib/action_dispatch/middleware/executor.rb:12:in `call'
actionpack (5.1.6.1) lib/action_dispatch/middleware/debug_exceptions.rb:59:in `call'
web-console (3.7.0) lib/web_console/middleware.rb:135:in `call_app'
web-console (3.7.0) lib/web_console/middleware.rb:30:in `block in call'
web-console (3.7.0) lib/web_console/middleware.rb:20:in `catch'
web-console (3.7.0) lib/web_console/middleware.rb:20:in `call'
actionpack (5.1.6.1) lib/action_dispatch/middleware/show_exceptions.rb:31:in `call'
railties (5.1.6.1) lib/rails/rack/logger.rb:36:in `call_app'
railties (5.1.6.1) lib/rails/rack/logger.rb:24:in `block in call'
activesupport (5.1.6.1) lib/active_support/tagged_logging.rb:69:in `block in tagged'
activesupport (5.1.6.1) lib/active_support/tagged_logging.rb:26:in `tagged'
activesupport (5.1.6.1) lib/active_support/tagged_logging.rb:69:in `tagged'
railties (5.1.6.1) lib/rails/rack/logger.rb:24:in `call'
sprockets-rails (3.2.1) lib/sprockets/rails/quiet_assets.rb:13:in `call'
actionpack (5.1.6.1) lib/action_dispatch/middleware/remote_ip.rb:79:in `call'
actionpack (5.1.6.1) lib/action_dispatch/middleware/request_id.rb:25:in `call'
rack (2.0.6) lib/rack/method_override.rb:22:in `call'
rack (2.0.6) lib/rack/runtime.rb:22:in `call'
activesupport (5.1.6.1) lib/active_support/cache/strategy/local_cache_middleware.rb:27:in `call'
actionpack (5.1.6.1) lib/action_dispatch/middleware/executor.rb:12:in `call'
actionpack (5.1.6.1) lib/action_dispatch/middleware/static.rb:125:in `call'
rack (2.0.6) lib/rack/sendfile.rb:111:in `call'
railties (5.1.6.1) lib/rails/engine.rb:522:in `call'
puma (3.12.0) lib/puma/configuration.rb:225:in `call'
puma (3.12.0) lib/puma/server.rb:658:in `handle_request'
puma (3.12.0) lib/puma/server.rb:472:in `process_client'
puma (3.12.0) lib/puma/server.rb:332:in `block in run'
puma (3.12.0) lib/puma/thread_pool.rb:133:in `block in spawn_thread'
Started GET "/" for 127.0.0.1 at 2019-03-04 11:20:19 +0700
Processing by Rails::WelcomeController#index as HTML
  Rendering /home/tth/.rvm/gems/ruby-2.4.2/gems/railties-5.1.6.1/lib/rails/templates/rails/welcome/index.html.erb
  Rendered /home/tth/.rvm/gems/ruby-2.4.2/gems/railties-5.1.6.1/lib/rails/templates/rails/welcome/index.html.erb (2.2ms)
Completed 200 OK in 9ms (Views: 8.0ms)


Started GET "/" for 127.0.0.1 at 2019-03-04 11:20:39 +0700
Processing by Rails::WelcomeController#index as HTML
  Rendering /home/tth/.rvm/gems/ruby-2.4.2/gems/railties-5.1.6.1/lib/rails/templates/rails/welcome/index.html.erb
  Rendered /home/tth/.rvm/gems/ruby-2.4.2/gems/railties-5.1.6.1/lib/rails/templates/rails/welcome/index.html.erb (2.0ms)
Completed 200 OK in 8ms (Views: 6.7ms)


Started GET "/" for 127.0.0.1 at 2019-03-04 11:20:40 +0700
Processing by Rails::WelcomeController#index as HTML
  Rendering /home/tth/.rvm/gems/ruby-2.4.2/gems/railties-5.1.6.1/lib/rails/templates/rails/welcome/index.html.erb
  Rendered /home/tth/.rvm/gems/ruby-2.4.2/gems/railties-5.1.6.1/lib/rails/templates/rails/welcome/index.html.erb (3.1ms)
Completed 200 OK in 7ms (Views: 6.6ms)


Started GET "/" for 127.0.0.1 at 2019-03-04 11:20:40 +0700
Processing by Rails::WelcomeController#index as HTML
  Rendering /home/tth/.rvm/gems/ruby-2.4.2/gems/railties-5.1.6.1/lib/rails/templates/rails/welcome/index.html.erb
  Rendered /home/tth/.rvm/gems/ruby-2.4.2/gems/railties-5.1.6.1/lib/rails/templates/rails/welcome/index.html.erb (6.4ms)
Completed 200 OK in 8ms (Views: 7.6ms)


Started GET "/" for 127.0.0.1 at 2019-03-04 11:20:40 +0700
Processing by Rails::WelcomeController#index as HTML
  Rendering /home/tth/.rvm/gems/ruby-2.4.2/gems/railties-5.1.6.1/lib/rails/templates/rails/welcome/index.html.erb
  Rendered /home/tth/.rvm/gems/ruby-2.4.2/gems/railties-5.1.6.1/lib/rails/templates/rails/welcome/index.html.erb (5.7ms)
Completed 200 OK in 8ms (Views: 7.0ms)


Started GET "/" for 127.0.0.1 at 2019-03-04 11:20:40 +0700
Processing by Rails::WelcomeController#index as HTML
  Rendering /home/tth/.rvm/gems/ruby-2.4.2/gems/railties-5.1.6.1/lib/rails/templates/rails/welcome/index.html.erb
  Rendered /home/tth/.rvm/gems/ruby-2.4.2/gems/railties-5.1.6.1/lib/rails/templates/rails/welcome/index.html.erb (5.9ms)
Completed 200 OK in 8ms (Views: 7.0ms)


Started GET "/" for 127.0.0.1 at 2019-03-04 11:20:41 +0700
Processing by Rails::WelcomeController#index as HTML
  Rendering /home/tth/.rvm/gems/ruby-2.4.2/gems/railties-5.1.6.1/lib/rails/templates/rails/welcome/index.html.erb
  Rendered /home/tth/.rvm/gems/ruby-2.4.2/gems/railties-5.1.6.1/lib/rails/templates/rails/welcome/index.html.erb (1.8ms)
Completed 200 OK in 8ms (Views: 7.1ms)


Started GET "/" for 127.0.0.1 at 2019-03-04 11:20:41 +0700
Processing by Rails::WelcomeController#index as HTML
  Rendering /home/tth/.rvm/gems/ruby-2.4.2/gems/railties-5.1.6.1/lib/rails/templates/rails/welcome/index.html.erb
  Rendered /home/tth/.rvm/gems/ruby-2.4.2/gems/railties-5.1.6.1/lib/rails/templates/rails/welcome/index.html.erb (12.8ms)
Completed 200 OK in 16ms (Views: 15.7ms)


Started GET "/" for 127.0.0.1 at 2019-03-04 11:20:41 +0700
Processing by Rails::WelcomeController#index as HTML
  Rendering /home/tth/.rvm/gems/ruby-2.4.2/gems/railties-5.1.6.1/lib/rails/templates/rails/welcome/index.html.erb
  Rendered /home/tth/.rvm/gems/ruby-2.4.2/gems/railties-5.1.6.1/lib/rails/templates/rails/welcome/index.html.erb (5.9ms)
Completed 200 OK in 8ms (Views: 7.0ms)


Started GET "/" for 127.0.0.1 at 2019-03-04 11:20:41 +0700
Processing by Rails::WelcomeController#index as HTML
  Rendering /home/tth/.rvm/gems/ruby-2.4.2/gems/railties-5.1.6.1/lib/rails/templates/rails/welcome/index.html.erb
  Rendered /home/tth/.rvm/gems/ruby-2.4.2/gems/railties-5.1.6.1/lib/rails/templates/rails/welcome/index.html.erb (1.8ms)
Completed 200 OK in 7ms (Views: 5.9ms)


Started GET "/" for 127.0.0.1 at 2019-03-04 11:20:42 +0700
Processing by Rails::WelcomeController#index as HTML
  Rendering /home/tth/.rvm/gems/ruby-2.4.2/gems/railties-5.1.6.1/lib/rails/templates/rails/welcome/index.html.erb
  Rendered /home/tth/.rvm/gems/ruby-2.4.2/gems/railties-5.1.6.1/lib/rails/templates/rails/welcome/index.html.erb (5.2ms)
Completed 200 OK in 7ms (Views: 6.2ms)


Started GET "/" for 127.0.0.1 at 2019-03-04 11:20:42 +0700
Processing by Rails::WelcomeController#index as HTML
  Rendering /home/tth/.rvm/gems/ruby-2.4.2/gems/railties-5.1.6.1/lib/rails/templates/rails/welcome/index.html.erb
  Rendered /home/tth/.rvm/gems/ruby-2.4.2/gems/railties-5.1.6.1/lib/rails/templates/rails/welcome/index.html.erb (2.0ms)
Completed 200 OK in 8ms (Views: 6.8ms)


Started GET "/" for 127.0.0.1 at 2019-03-04 11:20:42 +0700
Processing by Rails::WelcomeController#index as HTML
  Rendering /home/tth/.rvm/gems/ruby-2.4.2/gems/railties-5.1.6.1/lib/rails/templates/rails/welcome/index.html.erb
  Rendered /home/tth/.rvm/gems/ruby-2.4.2/gems/railties-5.1.6.1/lib/rails/templates/rails/welcome/index.html.erb (6.0ms)
Completed 200 OK in 8ms (Views: 7.0ms)


Started GET "/" for 127.0.0.1 at 2019-03-04 11:20:42 +0700
Processing by Rails::WelcomeController#index as HTML
  Rendering /home/tth/.rvm/gems/ruby-2.4.2/gems/railties-5.1.6.1/lib/rails/templates/rails/welcome/index.html.erb
  Rendered /home/tth/.rvm/gems/ruby-2.4.2/gems/railties-5.1.6.1/lib/rails/templates/rails/welcome/index.html.erb (2.0ms)
Completed 200 OK in 13ms (Views: 7.5ms)


Started GET "/" for 127.0.0.1 at 2019-03-04 11:20:43 +0700
Processing by Rails::WelcomeController#index as HTML
  Rendering /home/tth/.rvm/gems/ruby-2.4.2/gems/railties-5.1.6.1/lib/rails/templates/rails/welcome/index.html.erb
  Rendered /home/tth/.rvm/gems/ruby-2.4.2/gems/railties-5.1.6.1/lib/rails/templates/rails/welcome/index.html.erb (5.7ms)
Completed 200 OK in 8ms (Views: 7.1ms)


Started GET "/" for 127.0.0.1 at 2019-03-04 11:20:43 +0700
Processing by Rails::WelcomeController#index as HTML
  Rendering /home/tth/.rvm/gems/ruby-2.4.2/gems/railties-5.1.6.1/lib/rails/templates/rails/welcome/index.html.erb
  Rendered /home/tth/.rvm/gems/ruby-2.4.2/gems/railties-5.1.6.1/lib/rails/templates/rails/welcome/index.html.erb (1.9ms)
Completed 200 OK in 9ms (Views: 8.0ms)


Started GET "/" for 127.0.0.1 at 2019-03-04 11:37:01 +0700
Processing by Rails::WelcomeController#index as HTML
  Rendering /home/tth/.rvm/gems/ruby-2.4.2/gems/railties-5.1.6.1/lib/rails/templates/rails/welcome/index.html.erb
  Rendered /home/tth/.rvm/gems/ruby-2.4.2/gems/railties-5.1.6.1/lib/rails/templates/rails/welcome/index.html.erb (2.5ms)
Completed 200 OK in 368ms (Views: 21.1ms)


Started GET "/" for 127.0.0.1 at 2019-03-05 08:42:31 +0700
Processing by Rails::WelcomeController#index as HTML
  Rendering /home/tth/.rvm/gems/ruby-2.4.2/gems/railties-5.1.6.1/lib/rails/templates/rails/welcome/index.html.erb
  Rendered /home/tth/.rvm/gems/ruby-2.4.2/gems/railties-5.1.6.1/lib/rails/templates/rails/welcome/index.html.erb (23.4ms)
Completed 200 OK in 866ms (Views: 50.3ms)


  [1m[35m (0.1ms)[0m  [1m[34mSELECT sqlite_version(*)[0m
  [1m[35m (27.2ms)[0m  [1m[35mCREATE TABLE "schema_migrations" ("version" varchar NOT NULL PRIMARY KEY)[0m
  [1m[35m (7.7ms)[0m  [1m[35mCREATE TABLE "ar_internal_metadata" ("key" varchar NOT NULL PRIMARY KEY, "value" varchar, "created_at" datetime NOT NULL, "updated_at" datetime NOT NULL)[0m
  [1m[35m (0.2ms)[0m  [1m[34mSELECT "schema_migrations"."version" FROM "schema_migrations" ORDER BY "schema_migrations"."version" ASC[0m
Migrating to CreateCategories (20190305015305)
  [1m[35m (0.1ms)[0m  [1m[36mbegin transaction[0m
  [1m[35m (1.8ms)[0m  [1m[35mCREATE TABLE "categories" ("id" INTEGER PRIMARY KEY AUTOINCREMENT NOT NULL, "name" varchar, "created_at" datetime NOT NULL, "updated_at" datetime NOT NULL)[0m
  [1m[35mSQL (0.5ms)[0m  [1m[32mINSERT INTO "schema_migrations" ("version") VALUES (?)[0m  [["version", "20190305015305"]]
  [1m[35m (12.1ms)[0m  [1m[36mcommit transaction[0m
Migrating to CreatePublishers (20190305015327)
  [1m[35m (0.1ms)[0m  [1m[36mbegin transaction[0m
  [1m[35m (1.3ms)[0m  [1m[35mCREATE TABLE "publishers" ("id" INTEGER PRIMARY KEY AUTOINCREMENT NOT NULL, "name" varchar, "address" varchar, "phone" varchar, "created_at" datetime NOT NULL, "updated_at" datetime NOT NULL)[0m
  [1m[35mSQL (3.7ms)[0m  [1m[32mINSERT INTO "schema_migrations" ("version") VALUES (?)[0m  [["version", "20190305015327"]]
  [1m[35m (5.6ms)[0m  [1m[36mcommit transaction[0m
Migrating to CreateAuthors (20190305015347)
  [1m[35m (0.1ms)[0m  [1m[36mbegin transaction[0m
  [1m[35m (1.0ms)[0m  [1m[35mCREATE TABLE "authors" ("id" INTEGER PRIMARY KEY AUTOINCREMENT NOT NULL, "name" varchar, "email" varchar, "phone" varchar, "address" varchar, "created_at" datetime NOT NULL, "updated_at" datetime NOT NULL)[0m
  [1m[35mSQL (3.4ms)[0m  [1m[32mINSERT INTO "schema_migrations" ("version") VALUES (?)[0m  [["version", "20190305015347"]]
  [1m[35m (7.3ms)[0m  [1m[36mcommit transaction[0m
Migrating to CreateUsers (20190305015406)
  [1m[35m (0.1ms)[0m  [1m[36mbegin transaction[0m
  [1m[35m (1.0ms)[0m  [1m[35mCREATE TABLE "users" ("id" INTEGER PRIMARY KEY AUTOINCREMENT NOT NULL, "email" varchar, "password_digest" varchar, "address" varchar, "phone" varchar, "role" integer DEFAULT 0 NOT NULL, "created_at" datetime NOT NULL, "updated_at" datetime NOT NULL)[0m
  [1m[35mSQL (0.3ms)[0m  [1m[32mINSERT INTO "schema_migrations" ("version") VALUES (?)[0m  [["version", "20190305015406"]]
  [1m[35m (8.5ms)[0m  [1m[36mcommit transaction[0m
Migrating to CreateBooks (20190305015414)
  [1m[35m (0.1ms)[0m  [1m[36mbegin transaction[0m
  [1m[35m (1.1ms)[0m  [1m[35mCREATE TABLE "books" ("id" INTEGER PRIMARY KEY AUTOINCREMENT NOT NULL, "author_id" integer, "category_id" integer, "publisher_id" integer, "name" varchar, "content" text, "num_of_pages" integer, "year" integer, "quantity" integer, "image" varchar, "avg_rating" float, "created_at" datetime NOT NULL, "updated_at" datetime NOT NULL, CONSTRAINT "fk_rails_53d51ce16a"
FOREIGN KEY ("author_id")
  REFERENCES "authors" ("id")
, CONSTRAINT "fk_rails_1e86d9c4ec"
FOREIGN KEY ("category_id")
  REFERENCES "categories" ("id")
, CONSTRAINT "fk_rails_d7ae2b039e"
FOREIGN KEY ("publisher_id")
  REFERENCES "publishers" ("id")
)[0m
  [1m[35m (0.1ms)[0m  [1m[35mCREATE  INDEX "index_books_on_author_id" ON "books" ("author_id")[0m
  [1m[35m (0.1ms)[0m  [1m[34m            SELECT sql
            FROM sqlite_master
            WHERE name='index_books_on_author_id' AND type='index'
            UNION ALL
            SELECT sql
            FROM sqlite_temp_master
            WHERE name='index_books_on_author_id' AND type='index'
[0m
  [1m[35m (0.1ms)[0m  [1m[35mCREATE  INDEX "index_books_on_category_id" ON "books" ("category_id")[0m
  [1m[35m (0.1ms)[0m  [1m[34m            SELECT sql
            FROM sqlite_master
            WHERE name='index_books_on_category_id' AND type='index'
            UNION ALL
            SELECT sql
            FROM sqlite_temp_master
            WHERE name='index_books_on_category_id' AND type='index'
[0m
  [1m[35m (0.1ms)[0m  [1m[34m            SELECT sql
            FROM sqlite_master
            WHERE name='index_books_on_author_id' AND type='index'
            UNION ALL
            SELECT sql
            FROM sqlite_temp_master
            WHERE name='index_books_on_author_id' AND type='index'
[0m
  [1m[35m (0.2ms)[0m  [1m[35mCREATE  INDEX "index_books_on_publisher_id" ON "books" ("publisher_id")[0m
  [1m[35mSQL (2.4ms)[0m  [1m[32mINSERT INTO "schema_migrations" ("version") VALUES (?)[0m  [["version", "20190305015414"]]
  [1m[35m (6.9ms)[0m  [1m[36mcommit transaction[0m
Migrating to CreateAuthorBooks (20190305015441)
  [1m[35m (0.1ms)[0m  [1m[36mbegin transaction[0m
  [1m[35m (1.2ms)[0m  [1m[35mCREATE TABLE "author_books" ("id" INTEGER PRIMARY KEY AUTOINCREMENT NOT NULL, "author_id" integer, "book_id" integer, "created_at" datetime NOT NULL, "updated_at" datetime NOT NULL, CONSTRAINT "fk_rails_80ea7f00b1"
FOREIGN KEY ("author_id")
  REFERENCES "authors" ("id")
, CONSTRAINT "fk_rails_a3bd73350d"
FOREIGN KEY ("book_id")
  REFERENCES "books" ("id")
)[0m
  [1m[35m (0.1ms)[0m  [1m[35mCREATE  INDEX "index_author_books_on_author_id" ON "author_books" ("author_id")[0m
  [1m[35m (0.1ms)[0m  [1m[34m            SELECT sql
            FROM sqlite_master
            WHERE name='index_author_books_on_author_id' AND type='index'
            UNION ALL
            SELECT sql
            FROM sqlite_temp_master
            WHERE name='index_author_books_on_author_id' AND type='index'
[0m
  [1m[35m (0.1ms)[0m  [1m[35mCREATE  INDEX "index_author_books_on_book_id" ON "author_books" ("book_id")[0m
  [1m[35mSQL (0.3ms)[0m  [1m[32mINSERT INTO "schema_migrations" ("version") VALUES (?)[0m  [["version", "20190305015441"]]
  [1m[35m (8.7ms)[0m  [1m[36mcommit transaction[0m
Migrating to CreateLikes (20190305015448)
  [1m[35m (0.1ms)[0m  [1m[36mbegin transaction[0m
  [1m[35m (1.0ms)[0m  [1m[35mCREATE TABLE "likes" ("id" INTEGER PRIMARY KEY AUTOINCREMENT NOT NULL, "user_id" integer, "book_id" integer, "created_at" datetime NOT NULL, "updated_at" datetime NOT NULL, CONSTRAINT "fk_rails_1e09b5dabf"
FOREIGN KEY ("user_id")
  REFERENCES "users" ("id")
, CONSTRAINT "fk_rails_15895dfb71"
FOREIGN KEY ("book_id")
  REFERENCES "books" ("id")
)[0m
  [1m[35m (0.1ms)[0m  [1m[35mCREATE  INDEX "index_likes_on_user_id" ON "likes" ("user_id")[0m
  [1m[35m (0.1ms)[0m  [1m[34m            SELECT sql
            FROM sqlite_master
            WHERE name='index_likes_on_user_id' AND type='index'
            UNION ALL
            SELECT sql
            FROM sqlite_temp_master
            WHERE name='index_likes_on_user_id' AND type='index'
[0m
  [1m[35m (0.1ms)[0m  [1m[35mCREATE  INDEX "index_likes_on_book_id" ON "likes" ("book_id")[0m
  [1m[35mSQL (0.2ms)[0m  [1m[32mINSERT INTO "schema_migrations" ("version") VALUES (?)[0m  [["version", "20190305015448"]]
  [1m[35m (5.2ms)[0m  [1m[36mcommit transaction[0m
Migrating to CreateComments (20190305015501)
  [1m[35m (0.1ms)[0m  [1m[36mbegin transaction[0m
  [1m[35m (1.1ms)[0m  [1m[35mCREATE TABLE "comments" ("id" INTEGER PRIMARY KEY AUTOINCREMENT NOT NULL, "user_id" integer, "book_id" integer, "content" varchar, "created_at" datetime NOT NULL, "updated_at" datetime NOT NULL, CONSTRAINT "fk_rails_03de2dc08c"
FOREIGN KEY ("user_id")
  REFERENCES "users" ("id")
, CONSTRAINT "fk_rails_a98e86e5b9"
FOREIGN KEY ("book_id")
  REFERENCES "books" ("id")
)[0m
  [1m[35m (0.1ms)[0m  [1m[35mCREATE  INDEX "index_comments_on_user_id" ON "comments" ("user_id")[0m
  [1m[35m (1.6ms)[0m  [1m[34m            SELECT sql
            FROM sqlite_master
            WHERE name='index_comments_on_user_id' AND type='index'
            UNION ALL
            SELECT sql
            FROM sqlite_temp_master
            WHERE name='index_comments_on_user_id' AND type='index'
[0m
  [1m[35m (0.1ms)[0m  [1m[35mCREATE  INDEX "index_comments_on_book_id" ON "comments" ("book_id")[0m
  [1m[35mSQL (0.4ms)[0m  [1m[32mINSERT INTO "schema_migrations" ("version") VALUES (?)[0m  [["version", "20190305015501"]]
  [1m[35m (6.8ms)[0m  [1m[36mcommit transaction[0m
Migrating to CreateRatings (20190305015512)
  [1m[35m (0.1ms)[0m  [1m[36mbegin transaction[0m
  [1m[35m (1.4ms)[0m  [1m[35mCREATE TABLE "ratings" ("id" INTEGER PRIMARY KEY AUTOINCREMENT NOT NULL, "user_id" integer, "book_id" integer, "number_rating" integer, "created_at" datetime NOT NULL, "updated_at" datetime NOT NULL, CONSTRAINT "fk_rails_a7dfeb9f5f"
FOREIGN KEY ("user_id")
  REFERENCES "users" ("id")
, CONSTRAINT "fk_rails_99afded93e"
FOREIGN KEY ("book_id")
  REFERENCES "books" ("id")
)[0m
  [1m[35m (0.1ms)[0m  [1m[35mCREATE  INDEX "index_ratings_on_user_id" ON "ratings" ("user_id")[0m
  [1m[35m (0.1ms)[0m  [1m[34m            SELECT sql
            FROM sqlite_master
            WHERE name='index_ratings_on_user_id' AND type='index'
            UNION ALL
            SELECT sql
            FROM sqlite_temp_master
            WHERE name='index_ratings_on_user_id' AND type='index'
[0m
  [1m[35m (0.1ms)[0m  [1m[35mCREATE  INDEX "index_ratings_on_book_id" ON "ratings" ("book_id")[0m
  [1m[35mSQL (1.7ms)[0m  [1m[32mINSERT INTO "schema_migrations" ("version") VALUES (?)[0m  [["version", "20190305015512"]]
  [1m[35m (7.3ms)[0m  [1m[36mcommit transaction[0m
Migrating to CreateRequests (20190305015521)
  [1m[35m (0.1ms)[0m  [1m[36mbegin transaction[0m
  [1m[35m (1.0ms)[0m  [1m[35mCREATE TABLE "requests" ("id" INTEGER PRIMARY KEY AUTOINCREMENT NOT NULL, "created_at" datetime NOT NULL, "updated_at" datetime NOT NULL)[0m
  [1m[35mSQL (2.5ms)[0m  [1m[32mINSERT INTO "schema_migrations" ("version") VALUES (?)[0m  [["version", "20190305015521"]]
  [1m[35m (6.2ms)[0m  [1m[36mcommit transaction[0m
Migrating to CreateFollows (20190305015542)
  [1m[35m (0.1ms)[0m  [1m[36mbegin transaction[0m
  [1m[35m (1.2ms)[0m  [1m[35mCREATE TABLE "follows" ("id" INTEGER PRIMARY KEY AUTOINCREMENT NOT NULL, "user_id" integer, "author_id" integer, "created_at" datetime NOT NULL, "updated_at" datetime NOT NULL, CONSTRAINT "fk_rails_32479bd030"
FOREIGN KEY ("user_id")
  REFERENCES "users" ("id")
, CONSTRAINT "fk_rails_1965bd1da1"
FOREIGN KEY ("author_id")
  REFERENCES "authors" ("id")
)[0m
  [1m[35m (0.1ms)[0m  [1m[35mCREATE  INDEX "index_follows_on_user_id" ON "follows" ("user_id")[0m
  [1m[35m (0.1ms)[0m  [1m[34m            SELECT sql
            FROM sqlite_master
            WHERE name='index_follows_on_user_id' AND type='index'
            UNION ALL
            SELECT sql
            FROM sqlite_temp_master
            WHERE name='index_follows_on_user_id' AND type='index'
[0m
  [1m[35m (0.2ms)[0m  [1m[35mCREATE  INDEX "index_follows_on_author_id" ON "follows" ("author_id")[0m
  [1m[35mSQL (0.3ms)[0m  [1m[32mINSERT INTO "schema_migrations" ("version") VALUES (?)[0m  [["version", "20190305015542"]]
  [1m[35m (8.9ms)[0m  [1m[36mcommit transaction[0m
  [1m[36mActiveRecord::InternalMetadata Load (0.1ms)[0m  [1m[34mSELECT  "ar_internal_metadata".* FROM "ar_internal_metadata" WHERE "ar_internal_metadata"."key" = ? LIMIT ?[0m  [["key", "environment"], ["LIMIT", 1]]
  [1m[35m (0.1ms)[0m  [1m[36mbegin transaction[0m
  [1m[35mSQL (1.2ms)[0m  [1m[32mINSERT INTO "ar_internal_metadata" ("key", "value", "created_at", "updated_at") VALUES (?, ?, ?, ?)[0m  [["key", "environment"], ["value", "development"], ["created_at", "2019-03-05 02:22:49.021689"], ["updated_at", "2019-03-05 02:22:49.021689"]]
  [1m[35m (43.3ms)[0m  [1m[36mcommit transaction[0m
  [1m[35m (0.1ms)[0m  [1m[34mSELECT "schema_migrations"."version" FROM "schema_migrations" ORDER BY "schema_migrations"."version" ASC[0m
  [1m[35m (0.1ms)[0m  [1m[34m            SELECT sql
            FROM sqlite_master
            WHERE name='index_author_books_on_book_id' AND type='index'
            UNION ALL
            SELECT sql
            FROM sqlite_temp_master
            WHERE name='index_author_books_on_book_id' AND type='index'
[0m
  [1m[35m (0.1ms)[0m  [1m[34m            SELECT sql
            FROM sqlite_master
            WHERE name='index_author_books_on_author_id' AND type='index'
            UNION ALL
            SELECT sql
            FROM sqlite_temp_master
            WHERE name='index_author_books_on_author_id' AND type='index'
[0m
  [1m[35m (0.1ms)[0m  [1m[34m            SELECT sql
            FROM sqlite_master
            WHERE name='index_books_on_publisher_id' AND type='index'
            UNION ALL
            SELECT sql
            FROM sqlite_temp_master
            WHERE name='index_books_on_publisher_id' AND type='index'
[0m
  [1m[35m (0.1ms)[0m  [1m[34m            SELECT sql
            FROM sqlite_master
            WHERE name='index_books_on_category_id' AND type='index'
            UNION ALL
            SELECT sql
            FROM sqlite_temp_master
            WHERE name='index_books_on_category_id' AND type='index'
[0m
  [1m[35m (0.1ms)[0m  [1m[34m            SELECT sql
            FROM sqlite_master
            WHERE name='index_books_on_author_id' AND type='index'
            UNION ALL
            SELECT sql
            FROM sqlite_temp_master
            WHERE name='index_books_on_author_id' AND type='index'
[0m
  [1m[35m (0.1ms)[0m  [1m[34m            SELECT sql
            FROM sqlite_master
            WHERE name='index_comments_on_book_id' AND type='index'
            UNION ALL
            SELECT sql
            FROM sqlite_temp_master
            WHERE name='index_comments_on_book_id' AND type='index'
[0m
  [1m[35m (0.1ms)[0m  [1m[34m            SELECT sql
            FROM sqlite_master
            WHERE name='index_comments_on_user_id' AND type='index'
            UNION ALL
            SELECT sql
            FROM sqlite_temp_master
            WHERE name='index_comments_on_user_id' AND type='index'
[0m
  [1m[35m (0.1ms)[0m  [1m[34m            SELECT sql
            FROM sqlite_master
            WHERE name='index_follows_on_author_id' AND type='index'
            UNION ALL
            SELECT sql
            FROM sqlite_temp_master
            WHERE name='index_follows_on_author_id' AND type='index'
[0m
  [1m[35m (0.1ms)[0m  [1m[34m            SELECT sql
            FROM sqlite_master
            WHERE name='index_follows_on_user_id' AND type='index'
            UNION ALL
            SELECT sql
            FROM sqlite_temp_master
            WHERE name='index_follows_on_user_id' AND type='index'
[0m
  [1m[35m (0.1ms)[0m  [1m[34m            SELECT sql
            FROM sqlite_master
            WHERE name='index_likes_on_book_id' AND type='index'
            UNION ALL
            SELECT sql
            FROM sqlite_temp_master
            WHERE name='index_likes_on_book_id' AND type='index'
[0m
  [1m[35m (0.1ms)[0m  [1m[34m            SELECT sql
            FROM sqlite_master
            WHERE name='index_likes_on_user_id' AND type='index'
            UNION ALL
            SELECT sql
            FROM sqlite_temp_master
            WHERE name='index_likes_on_user_id' AND type='index'
[0m
  [1m[35m (0.1ms)[0m  [1m[34m            SELECT sql
            FROM sqlite_master
            WHERE name='index_ratings_on_book_id' AND type='index'
            UNION ALL
            SELECT sql
            FROM sqlite_temp_master
            WHERE name='index_ratings_on_book_id' AND type='index'
[0m
  [1m[35m (0.1ms)[0m  [1m[34m            SELECT sql
            FROM sqlite_master
            WHERE name='index_ratings_on_user_id' AND type='index'
            UNION ALL
            SELECT sql
            FROM sqlite_temp_master
            WHERE name='index_ratings_on_user_id' AND type='index'
[0m
  [1m[35m (0.1ms)[0m  [1m[34mSELECT "schema_migrations"."version" FROM "schema_migrations" ORDER BY "schema_migrations"."version" ASC[0m
  [1m[35m (0.1ms)[0m  [1m[34mSELECT "ar_internal_metadata"."value" FROM "ar_internal_metadata" WHERE "ar_internal_metadata"."key" = ?[0m  [["key", "environment"]]
  [1m[35m (0.1ms)[0m  [1m[34mSELECT "schema_migrations"."version" FROM "schema_migrations" ORDER BY "schema_migrations"."version" ASC[0m
  [1m[35m (0.1ms)[0m  [1m[34mSELECT "ar_internal_metadata"."value" FROM "ar_internal_metadata" WHERE "ar_internal_metadata"."key" = ?[0m  [["key", "environment"]]
  [1m[35m (0.1ms)[0m  [1m[34mSELECT "schema_migrations"."version" FROM "schema_migrations" ORDER BY "schema_migrations"."version" ASC[0m
  [1m[35m (0.1ms)[0m  [1m[34mSELECT "ar_internal_metadata"."value" FROM "ar_internal_metadata" WHERE "ar_internal_metadata"."key" = ?[0m  [["key", "environment"]]
  [1m[35m (0.0ms)[0m  [1m[34mSELECT sqlite_version(*)[0m
  [1m[35m (24.6ms)[0m  [1m[35mCREATE TABLE "schema_migrations" ("version" varchar NOT NULL PRIMARY KEY)[0m
  [1m[35m (7.5ms)[0m  [1m[35mCREATE TABLE "ar_internal_metadata" ("key" varchar NOT NULL PRIMARY KEY, "value" varchar, "created_at" datetime NOT NULL, "updated_at" datetime NOT NULL)[0m
  [1m[35m (0.1ms)[0m  [1m[34mSELECT "schema_migrations"."version" FROM "schema_migrations" ORDER BY "schema_migrations"."version" ASC[0m
Migrating to CreateCategories (20190305015305)
  [1m[35m (0.1ms)[0m  [1m[36mbegin transaction[0m
  [1m[35m (1.5ms)[0m  [1m[35mCREATE TABLE "categories" ("id" INTEGER PRIMARY KEY AUTOINCREMENT NOT NULL, "name" varchar, "created_at" datetime NOT NULL, "updated_at" datetime NOT NULL)[0m
  [1m[35mSQL (3.9ms)[0m  [1m[32mINSERT INTO "schema_migrations" ("version") VALUES (?)[0m  [["version", "20190305015305"]]
  [1m[35m (6.5ms)[0m  [1m[36mcommit transaction[0m
Migrating to CreatePublishers (20190305015327)
  [1m[35m (0.1ms)[0m  [1m[36mbegin transaction[0m
  [1m[35m (0.9ms)[0m  [1m[35mCREATE TABLE "publishers" ("id" INTEGER PRIMARY KEY AUTOINCREMENT NOT NULL, "name" varchar, "address" varchar, "phone" varchar, "created_at" datetime NOT NULL, "updated_at" datetime NOT NULL)[0m
  [1m[35mSQL (1.2ms)[0m  [1m[32mINSERT INTO "schema_migrations" ("version") VALUES (?)[0m  [["version", "20190305015327"]]
  [1m[35m (6.5ms)[0m  [1m[36mcommit transaction[0m
Migrating to CreateAuthors (20190305015347)
  [1m[35m (0.1ms)[0m  [1m[36mbegin transaction[0m
  [1m[35m (1.2ms)[0m  [1m[35mCREATE TABLE "authors" ("id" INTEGER PRIMARY KEY AUTOINCREMENT NOT NULL, "name" varchar, "phone" varchar, "address" varchar, "created_at" datetime NOT NULL, "updated_at" datetime NOT NULL)[0m
  [1m[35mSQL (1.9ms)[0m  [1m[32mINSERT INTO "schema_migrations" ("version") VALUES (?)[0m  [["version", "20190305015347"]]
  [1m[35m (6.8ms)[0m  [1m[36mcommit transaction[0m
Migrating to CreateUsers (20190305015406)
  [1m[35m (0.1ms)[0m  [1m[36mbegin transaction[0m
  [1m[35m (1.2ms)[0m  [1m[35mCREATE TABLE "users" ("id" INTEGER PRIMARY KEY AUTOINCREMENT NOT NULL, "email" varchar, "password_digest" varchar, "address" varchar, "phone" varchar, "role" integer DEFAULT 0 NOT NULL, "created_at" datetime NOT NULL, "updated_at" datetime NOT NULL)[0m
  [1m[35mSQL (0.3ms)[0m  [1m[32mINSERT INTO "schema_migrations" ("version") VALUES (?)[0m  [["version", "20190305015406"]]
  [1m[35m (7.1ms)[0m  [1m[36mcommit transaction[0m
Migrating to CreateBooks (20190305015414)
  [1m[35m (0.1ms)[0m  [1m[36mbegin transaction[0m
  [1m[35m (1.0ms)[0m  [1m[35mCREATE TABLE "books" ("id" INTEGER PRIMARY KEY AUTOINCREMENT NOT NULL, "author_id" integer, "category_id" integer, "publisher_id" integer, "name" varchar, "content" text, "num_of_pages" integer, "year" date, "quantity" integer, "image" varchar, "avg_rating" float DEFAULT 0.0, "created_at" datetime NOT NULL, "updated_at" datetime NOT NULL, CONSTRAINT "fk_rails_53d51ce16a"
FOREIGN KEY ("author_id")
  REFERENCES "authors" ("id")
, CONSTRAINT "fk_rails_1e86d9c4ec"
FOREIGN KEY ("category_id")
  REFERENCES "categories" ("id")
, CONSTRAINT "fk_rails_d7ae2b039e"
FOREIGN KEY ("publisher_id")
  REFERENCES "publishers" ("id")
)[0m
  [1m[35m (0.1ms)[0m  [1m[35mCREATE  INDEX "index_books_on_author_id" ON "books" ("author_id")[0m
  [1m[35m (0.1ms)[0m  [1m[34m            SELECT sql
            FROM sqlite_master
            WHERE name='index_books_on_author_id' AND type='index'
            UNION ALL
            SELECT sql
            FROM sqlite_temp_master
            WHERE name='index_books_on_author_id' AND type='index'
[0m
  [1m[35m (0.1ms)[0m  [1m[35mCREATE  INDEX "index_books_on_category_id" ON "books" ("category_id")[0m
  [1m[35m (0.1ms)[0m  [1m[34m            SELECT sql
            FROM sqlite_master
            WHERE name='index_books_on_category_id' AND type='index'
            UNION ALL
            SELECT sql
            FROM sqlite_temp_master
            WHERE name='index_books_on_category_id' AND type='index'
[0m
  [1m[35m (0.1ms)[0m  [1m[34m            SELECT sql
            FROM sqlite_master
            WHERE name='index_books_on_author_id' AND type='index'
            UNION ALL
            SELECT sql
            FROM sqlite_temp_master
            WHERE name='index_books_on_author_id' AND type='index'
[0m
  [1m[35m (0.1ms)[0m  [1m[35mCREATE  INDEX "index_books_on_publisher_id" ON "books" ("publisher_id")[0m
  [1m[35mSQL (0.2ms)[0m  [1m[32mINSERT INTO "schema_migrations" ("version") VALUES (?)[0m  [["version", "20190305015414"]]
  [1m[35m (6.3ms)[0m  [1m[36mcommit transaction[0m
Migrating to CreateAuthorBooks (20190305015441)
  [1m[35m (0.1ms)[0m  [1m[36mbegin transaction[0m
  [1m[35m (1.5ms)[0m  [1m[35mCREATE TABLE "author_books" ("id" INTEGER PRIMARY KEY AUTOINCREMENT NOT NULL, "author_id" integer, "book_id" integer, "created_at" datetime NOT NULL, "updated_at" datetime NOT NULL, CONSTRAINT "fk_rails_80ea7f00b1"
FOREIGN KEY ("author_id")
  REFERENCES "authors" ("id")
, CONSTRAINT "fk_rails_a3bd73350d"
FOREIGN KEY ("book_id")
  REFERENCES "books" ("id")
)[0m
  [1m[35m (0.1ms)[0m  [1m[35mCREATE  INDEX "index_author_books_on_author_id" ON "author_books" ("author_id")[0m
  [1m[35m (0.1ms)[0m  [1m[34m            SELECT sql
            FROM sqlite_master
            WHERE name='index_author_books_on_author_id' AND type='index'
            UNION ALL
            SELECT sql
            FROM sqlite_temp_master
            WHERE name='index_author_books_on_author_id' AND type='index'
[0m
  [1m[35m (0.1ms)[0m  [1m[35mCREATE  INDEX "index_author_books_on_book_id" ON "author_books" ("book_id")[0m
  [1m[35mSQL (2.6ms)[0m  [1m[32mINSERT INTO "schema_migrations" ("version") VALUES (?)[0m  [["version", "20190305015441"]]
  [1m[35m (6.7ms)[0m  [1m[36mcommit transaction[0m
Migrating to CreateLikes (20190305015448)
  [1m[35m (0.1ms)[0m  [1m[36mbegin transaction[0m
  [1m[35m (1.1ms)[0m  [1m[35mCREATE TABLE "likes" ("id" INTEGER PRIMARY KEY AUTOINCREMENT NOT NULL, "user_id" integer, "book_id" integer, "created_at" datetime NOT NULL, "updated_at" datetime NOT NULL, CONSTRAINT "fk_rails_1e09b5dabf"
FOREIGN KEY ("user_id")
  REFERENCES "users" ("id")
, CONSTRAINT "fk_rails_15895dfb71"
FOREIGN KEY ("book_id")
  REFERENCES "books" ("id")
)[0m
  [1m[35m (0.1ms)[0m  [1m[35mCREATE  INDEX "index_likes_on_user_id" ON "likes" ("user_id")[0m
  [1m[35m (0.1ms)[0m  [1m[34m            SELECT sql
            FROM sqlite_master
            WHERE name='index_likes_on_user_id' AND type='index'
            UNION ALL
            SELECT sql
            FROM sqlite_temp_master
            WHERE name='index_likes_on_user_id' AND type='index'
[0m
  [1m[35m (0.1ms)[0m  [1m[35mCREATE  INDEX "index_likes_on_book_id" ON "likes" ("book_id")[0m
  [1m[35mSQL (2.1ms)[0m  [1m[32mINSERT INTO "schema_migrations" ("version") VALUES (?)[0m  [["version", "20190305015448"]]
  [1m[35m (6.1ms)[0m  [1m[36mcommit transaction[0m
Migrating to CreateComments (20190305015501)
  [1m[35m (0.1ms)[0m  [1m[36mbegin transaction[0m
  [1m[35m (1.0ms)[0m  [1m[35mCREATE TABLE "comments" ("id" INTEGER PRIMARY KEY AUTOINCREMENT NOT NULL, "user_id" integer, "book_id" integer, "content" varchar, "created_at" datetime NOT NULL, "updated_at" datetime NOT NULL, CONSTRAINT "fk_rails_03de2dc08c"
FOREIGN KEY ("user_id")
  REFERENCES "users" ("id")
, CONSTRAINT "fk_rails_a98e86e5b9"
FOREIGN KEY ("book_id")
  REFERENCES "books" ("id")
)[0m
  [1m[35m (0.1ms)[0m  [1m[35mCREATE  INDEX "index_comments_on_user_id" ON "comments" ("user_id")[0m
  [1m[35m (0.1ms)[0m  [1m[34m            SELECT sql
            FROM sqlite_master
            WHERE name='index_comments_on_user_id' AND type='index'
            UNION ALL
            SELECT sql
            FROM sqlite_temp_master
            WHERE name='index_comments_on_user_id' AND type='index'
[0m
  [1m[35m (0.1ms)[0m  [1m[35mCREATE  INDEX "index_comments_on_book_id" ON "comments" ("book_id")[0m
  [1m[35mSQL (0.3ms)[0m  [1m[32mINSERT INTO "schema_migrations" ("version") VALUES (?)[0m  [["version", "20190305015501"]]
  [1m[35m (6.5ms)[0m  [1m[36mcommit transaction[0m
Migrating to CreateRatings (20190305015512)
  [1m[35m (0.1ms)[0m  [1m[36mbegin transaction[0m
  [1m[35m (1.4ms)[0m  [1m[35mCREATE TABLE "ratings" ("id" INTEGER PRIMARY KEY AUTOINCREMENT NOT NULL, "user_id" integer, "book_id" integer, "number_rating" integer, "created_at" datetime NOT NULL, "updated_at" datetime NOT NULL, CONSTRAINT "fk_rails_a7dfeb9f5f"
FOREIGN KEY ("user_id")
  REFERENCES "users" ("id")
, CONSTRAINT "fk_rails_99afded93e"
FOREIGN KEY ("book_id")
  REFERENCES "books" ("id")
)[0m
  [1m[35m (0.1ms)[0m  [1m[35mCREATE  INDEX "index_ratings_on_user_id" ON "ratings" ("user_id")[0m
  [1m[35m (0.1ms)[0m  [1m[34m            SELECT sql
            FROM sqlite_master
            WHERE name='index_ratings_on_user_id' AND type='index'
            UNION ALL
            SELECT sql
            FROM sqlite_temp_master
            WHERE name='index_ratings_on_user_id' AND type='index'
[0m
  [1m[35m (0.1ms)[0m  [1m[35mCREATE  INDEX "index_ratings_on_book_id" ON "ratings" ("book_id")[0m
  [1m[35mSQL (2.8ms)[0m  [1m[32mINSERT INTO "schema_migrations" ("version") VALUES (?)[0m  [["version", "20190305015512"]]
  [1m[35m (6.9ms)[0m  [1m[36mcommit transaction[0m
Migrating to CreateRequests (20190305015521)
  [1m[35m (0.1ms)[0m  [1m[36mbegin transaction[0m
  [1m[35m (1.2ms)[0m  [1m[35mCREATE TABLE "requests" ("id" INTEGER PRIMARY KEY AUTOINCREMENT NOT NULL, "user_id" integer, "book_id" integer, "quantity" integer, "from_date" date, "to_date" date, "status" integer DEFAULT 0, "created_at" datetime NOT NULL, "updated_at" datetime NOT NULL, CONSTRAINT "fk_rails_8ead8b1e6b"
FOREIGN KEY ("user_id")
  REFERENCES "users" ("id")
, CONSTRAINT "fk_rails_2fb03f8241"
FOREIGN KEY ("book_id")
  REFERENCES "books" ("id")
)[0m
  [1m[35m (0.1ms)[0m  [1m[35mCREATE  INDEX "index_requests_on_user_id" ON "requests" ("user_id")[0m
  [1m[35m (0.1ms)[0m  [1m[34m            SELECT sql
            FROM sqlite_master
            WHERE name='index_requests_on_user_id' AND type='index'
            UNION ALL
            SELECT sql
            FROM sqlite_temp_master
            WHERE name='index_requests_on_user_id' AND type='index'
[0m
  [1m[35m (0.1ms)[0m  [1m[35mCREATE  INDEX "index_requests_on_book_id" ON "requests" ("book_id")[0m
  [1m[35mSQL (1.6ms)[0m  [1m[32mINSERT INTO "schema_migrations" ("version") VALUES (?)[0m  [["version", "20190305015521"]]
  [1m[35m (6.2ms)[0m  [1m[36mcommit transaction[0m
Migrating to CreateFollows (20190305015542)
  [1m[35m (0.1ms)[0m  [1m[36mbegin transaction[0m
  [1m[35m (1.3ms)[0m  [1m[35mCREATE TABLE "follows" ("id" INTEGER PRIMARY KEY AUTOINCREMENT NOT NULL, "user_id" integer, "author_id" integer, "created_at" datetime NOT NULL, "updated_at" datetime NOT NULL, CONSTRAINT "fk_rails_32479bd030"
FOREIGN KEY ("user_id")
  REFERENCES "users" ("id")
, CONSTRAINT "fk_rails_1965bd1da1"
FOREIGN KEY ("author_id")
  REFERENCES "authors" ("id")
)[0m
  [1m[35m (0.2ms)[0m  [1m[35mCREATE  INDEX "index_follows_on_user_id" ON "follows" ("user_id")[0m
  [1m[35m (0.1ms)[0m  [1m[34m            SELECT sql
            FROM sqlite_master
            WHERE name='index_follows_on_user_id' AND type='index'
            UNION ALL
            SELECT sql
            FROM sqlite_temp_master
            WHERE name='index_follows_on_user_id' AND type='index'
[0m
  [1m[35m (0.2ms)[0m  [1m[35mCREATE  INDEX "index_follows_on_author_id" ON "follows" ("author_id")[0m
  [1m[35mSQL (0.3ms)[0m  [1m[32mINSERT INTO "schema_migrations" ("version") VALUES (?)[0m  [["version", "20190305015542"]]
  [1m[35m (7.6ms)[0m  [1m[36mcommit transaction[0m
  [1m[36mActiveRecord::InternalMetadata Load (0.4ms)[0m  [1m[34mSELECT  "ar_internal_metadata".* FROM "ar_internal_metadata" WHERE "ar_internal_metadata"."key" = ? LIMIT ?[0m  [["key", "environment"], ["LIMIT", 1]]
  [1m[35m (0.1ms)[0m  [1m[36mbegin transaction[0m
  [1m[35mSQL (3.2ms)[0m  [1m[32mINSERT INTO "ar_internal_metadata" ("key", "value", "created_at", "updated_at") VALUES (?, ?, ?, ?)[0m  [["key", "environment"], ["value", "development"], ["created_at", "2019-03-05 03:45:04.062946"], ["updated_at", "2019-03-05 03:45:04.062946"]]
  [1m[35m (5.2ms)[0m  [1m[36mcommit transaction[0m
  [1m[35m (0.1ms)[0m  [1m[34mSELECT "schema_migrations"."version" FROM "schema_migrations" ORDER BY "schema_migrations"."version" ASC[0m
  [1m[35m (0.1ms)[0m  [1m[34m            SELECT sql
            FROM sqlite_master
            WHERE name='index_author_books_on_book_id' AND type='index'
            UNION ALL
            SELECT sql
            FROM sqlite_temp_master
            WHERE name='index_author_books_on_book_id' AND type='index'
[0m
  [1m[35m (0.1ms)[0m  [1m[34m            SELECT sql
            FROM sqlite_master
            WHERE name='index_author_books_on_author_id' AND type='index'
            UNION ALL
            SELECT sql
            FROM sqlite_temp_master
            WHERE name='index_author_books_on_author_id' AND type='index'
[0m
  [1m[35m (0.1ms)[0m  [1m[34m            SELECT sql
            FROM sqlite_master
            WHERE name='index_books_on_publisher_id' AND type='index'
            UNION ALL
            SELECT sql
            FROM sqlite_temp_master
            WHERE name='index_books_on_publisher_id' AND type='index'
[0m
  [1m[35m (0.1ms)[0m  [1m[34m            SELECT sql
            FROM sqlite_master
            WHERE name='index_books_on_category_id' AND type='index'
            UNION ALL
            SELECT sql
            FROM sqlite_temp_master
            WHERE name='index_books_on_category_id' AND type='index'
[0m
  [1m[35m (0.1ms)[0m  [1m[34m            SELECT sql
            FROM sqlite_master
            WHERE name='index_books_on_author_id' AND type='index'
            UNION ALL
            SELECT sql
            FROM sqlite_temp_master
            WHERE name='index_books_on_author_id' AND type='index'
[0m
  [1m[35m (0.1ms)[0m  [1m[34m            SELECT sql
            FROM sqlite_master
            WHERE name='index_comments_on_book_id' AND type='index'
            UNION ALL
            SELECT sql
            FROM sqlite_temp_master
            WHERE name='index_comments_on_book_id' AND type='index'
[0m
  [1m[35m (0.1ms)[0m  [1m[34m            SELECT sql
            FROM sqlite_master
            WHERE name='index_comments_on_user_id' AND type='index'
            UNION ALL
            SELECT sql
            FROM sqlite_temp_master
            WHERE name='index_comments_on_user_id' AND type='index'
[0m
  [1m[35m (0.1ms)[0m  [1m[34m            SELECT sql
            FROM sqlite_master
            WHERE name='index_follows_on_author_id' AND type='index'
            UNION ALL
            SELECT sql
            FROM sqlite_temp_master
            WHERE name='index_follows_on_author_id' AND type='index'
[0m
  [1m[35m (0.1ms)[0m  [1m[34m            SELECT sql
            FROM sqlite_master
            WHERE name='index_follows_on_user_id' AND type='index'
            UNION ALL
            SELECT sql
            FROM sqlite_temp_master
            WHERE name='index_follows_on_user_id' AND type='index'
[0m
  [1m[35m (1.2ms)[0m  [1m[34m            SELECT sql
            FROM sqlite_master
            WHERE name='index_likes_on_book_id' AND type='index'
            UNION ALL
            SELECT sql
            FROM sqlite_temp_master
            WHERE name='index_likes_on_book_id' AND type='index'
[0m
  [1m[35m (0.2ms)[0m  [1m[34m            SELECT sql
            FROM sqlite_master
            WHERE name='index_likes_on_user_id' AND type='index'
            UNION ALL
            SELECT sql
            FROM sqlite_temp_master
            WHERE name='index_likes_on_user_id' AND type='index'
[0m
  [1m[35m (0.1ms)[0m  [1m[34m            SELECT sql
            FROM sqlite_master
            WHERE name='index_ratings_on_book_id' AND type='index'
            UNION ALL
            SELECT sql
            FROM sqlite_temp_master
            WHERE name='index_ratings_on_book_id' AND type='index'
[0m
  [1m[35m (0.2ms)[0m  [1m[34m            SELECT sql
            FROM sqlite_master
            WHERE name='index_ratings_on_user_id' AND type='index'
            UNION ALL
            SELECT sql
            FROM sqlite_temp_master
            WHERE name='index_ratings_on_user_id' AND type='index'
[0m
  [1m[35m (0.1ms)[0m  [1m[34m            SELECT sql
            FROM sqlite_master
            WHERE name='index_requests_on_book_id' AND type='index'
            UNION ALL
            SELECT sql
            FROM sqlite_temp_master
            WHERE name='index_requests_on_book_id' AND type='index'
[0m
  [1m[35m (0.1ms)[0m  [1m[34m            SELECT sql
            FROM sqlite_master
            WHERE name='index_requests_on_user_id' AND type='index'
            UNION ALL
            SELECT sql
            FROM sqlite_temp_master
            WHERE name='index_requests_on_user_id' AND type='index'
[0m
  [1m[35m (0.2ms)[0m  [1m[34mSELECT "schema_migrations"."version" FROM "schema_migrations" ORDER BY "schema_migrations"."version" ASC[0m
  [1m[35m (0.1ms)[0m  [1m[34mSELECT "ar_internal_metadata"."value" FROM "ar_internal_metadata" WHERE "ar_internal_metadata"."key" = ?[0m  [["key", "environment"]]
  [1m[35m (0.1ms)[0m  [1m[34mSELECT "schema_migrations"."version" FROM "schema_migrations" ORDER BY "schema_migrations"."version" ASC[0m
  [1m[35m (0.1ms)[0m  [1m[34mSELECT "ar_internal_metadata"."value" FROM "ar_internal_metadata" WHERE "ar_internal_metadata"."key" = ?[0m  [["key", "environment"]]
  [1m[35m (0.1ms)[0m  [1m[34mSELECT "schema_migrations"."version" FROM "schema_migrations" ORDER BY "schema_migrations"."version" ASC[0m
  [1m[35m (0.1ms)[0m  [1m[34mSELECT "ar_internal_metadata"."value" FROM "ar_internal_metadata" WHERE "ar_internal_metadata"."key" = ?[0m  [["key", "environment"]]
  [1m[35m (0.1ms)[0m  [1m[34mSELECT sqlite_version(*)[0m
  [1m[35m (59.9ms)[0m  [1m[35mCREATE TABLE "schema_migrations" ("version" varchar NOT NULL PRIMARY KEY)[0m
  [1m[35m (8.3ms)[0m  [1m[35mCREATE TABLE "ar_internal_metadata" ("key" varchar NOT NULL PRIMARY KEY, "value" varchar, "created_at" datetime NOT NULL, "updated_at" datetime NOT NULL)[0m
  [1m[35m (0.1ms)[0m  [1m[34mSELECT "schema_migrations"."version" FROM "schema_migrations" ORDER BY "schema_migrations"."version" ASC[0m
Migrating to CreateCategories (20190305015305)
  [1m[35m (0.1ms)[0m  [1m[36mbegin transaction[0m
  [1m[35m (1.5ms)[0m  [1m[35mCREATE TABLE "categories" ("id" INTEGER PRIMARY KEY AUTOINCREMENT NOT NULL, "name" varchar, "created_at" datetime NOT NULL, "updated_at" datetime NOT NULL)[0m
  [1m[35mSQL (0.3ms)[0m  [1m[32mINSERT INTO "schema_migrations" ("version") VALUES (?)[0m  [["version", "20190305015305"]]
  [1m[35m (14.0ms)[0m  [1m[36mcommit transaction[0m
Migrating to CreatePublishers (20190305015327)
  [1m[35m (0.1ms)[0m  [1m[36mbegin transaction[0m
  [1m[35m (1.5ms)[0m  [1m[35mCREATE TABLE "publishers" ("id" INTEGER PRIMARY KEY AUTOINCREMENT NOT NULL, "name" varchar, "address" varchar, "phone" varchar, "created_at" datetime NOT NULL, "updated_at" datetime NOT NULL)[0m
  [1m[35mSQL (0.2ms)[0m  [1m[32mINSERT INTO "schema_migrations" ("version") VALUES (?)[0m  [["version", "20190305015327"]]
  [1m[35m (5.7ms)[0m  [1m[36mcommit transaction[0m
Migrating to CreateAuthors (20190305015347)
  [1m[35m (0.1ms)[0m  [1m[36mbegin transaction[0m
  [1m[35m (0.9ms)[0m  [1m[35mCREATE TABLE "authors" ("id" INTEGER PRIMARY KEY AUTOINCREMENT NOT NULL, "name" varchar, "phone" varchar, "address" varchar, "created_at" datetime NOT NULL, "updated_at" datetime NOT NULL)[0m
  [1m[35mSQL (1.7ms)[0m  [1m[32mINSERT INTO "schema_migrations" ("version") VALUES (?)[0m  [["version", "20190305015347"]]
  [1m[35m (6.9ms)[0m  [1m[36mcommit transaction[0m
Migrating to CreateUsers (20190305015406)
  [1m[35m (0.1ms)[0m  [1m[36mbegin transaction[0m
  [1m[35m (1.2ms)[0m  [1m[35mCREATE TABLE "users" ("id" INTEGER PRIMARY KEY AUTOINCREMENT NOT NULL, "email" varchar, "password_digest" varchar, "address" varchar, "phone" varchar, "role" integer DEFAULT 0 NOT NULL, "created_at" datetime NOT NULL, "updated_at" datetime NOT NULL)[0m
  [1m[35mSQL (0.2ms)[0m  [1m[32mINSERT INTO "schema_migrations" ("version") VALUES (?)[0m  [["version", "20190305015406"]]
  [1m[35m (5.9ms)[0m  [1m[36mcommit transaction[0m
Migrating to CreateBooks (20190305015414)
  [1m[35m (0.1ms)[0m  [1m[36mbegin transaction[0m
  [1m[35m (1.2ms)[0m  [1m[35mCREATE TABLE "books" ("id" INTEGER PRIMARY KEY AUTOINCREMENT NOT NULL, "author_id" integer, "category_id" integer, "publisher_id" integer, "name" varchar, "content" text, "num_of_pages" integer, "year" date, "quantity" integer, "price" integer, "image" varchar, "avg_rating" float DEFAULT 0.0, "created_at" datetime NOT NULL, "updated_at" datetime NOT NULL, CONSTRAINT "fk_rails_53d51ce16a"
FOREIGN KEY ("author_id")
  REFERENCES "authors" ("id")
, CONSTRAINT "fk_rails_1e86d9c4ec"
FOREIGN KEY ("category_id")
  REFERENCES "categories" ("id")
, CONSTRAINT "fk_rails_d7ae2b039e"
FOREIGN KEY ("publisher_id")
  REFERENCES "publishers" ("id")
)[0m
  [1m[35m (0.1ms)[0m  [1m[35mCREATE  INDEX "index_books_on_author_id" ON "books" ("author_id")[0m
  [1m[35m (0.1ms)[0m  [1m[34m            SELECT sql
            FROM sqlite_master
            WHERE name='index_books_on_author_id' AND type='index'
            UNION ALL
            SELECT sql
            FROM sqlite_temp_master
            WHERE name='index_books_on_author_id' AND type='index'
[0m
  [1m[35m (0.1ms)[0m  [1m[35mCREATE  INDEX "index_books_on_category_id" ON "books" ("category_id")[0m
  [1m[35m (0.1ms)[0m  [1m[34m            SELECT sql
            FROM sqlite_master
            WHERE name='index_books_on_category_id' AND type='index'
            UNION ALL
            SELECT sql
            FROM sqlite_temp_master
            WHERE name='index_books_on_category_id' AND type='index'
[0m
  [1m[35m (0.1ms)[0m  [1m[34m            SELECT sql
            FROM sqlite_master
            WHERE name='index_books_on_author_id' AND type='index'
            UNION ALL
            SELECT sql
            FROM sqlite_temp_master
            WHERE name='index_books_on_author_id' AND type='index'
[0m
  [1m[35m (0.1ms)[0m  [1m[35mCREATE  INDEX "index_books_on_publisher_id" ON "books" ("publisher_id")[0m
  [1m[35mSQL (1.2ms)[0m  [1m[32mINSERT INTO "schema_migrations" ("version") VALUES (?)[0m  [["version", "20190305015414"]]
  [1m[35m (8.0ms)[0m  [1m[36mcommit transaction[0m
Migrating to CreateAuthorBooks (20190305015441)
  [1m[35m (0.1ms)[0m  [1m[36mbegin transaction[0m
  [1m[35m (1.0ms)[0m  [1m[35mCREATE TABLE "author_books" ("id" INTEGER PRIMARY KEY AUTOINCREMENT NOT NULL, "author_id" integer, "book_id" integer, "created_at" datetime NOT NULL, "updated_at" datetime NOT NULL, CONSTRAINT "fk_rails_80ea7f00b1"
FOREIGN KEY ("author_id")
  REFERENCES "authors" ("id")
, CONSTRAINT "fk_rails_a3bd73350d"
FOREIGN KEY ("book_id")
  REFERENCES "books" ("id")
)[0m
  [1m[35m (0.1ms)[0m  [1m[35mCREATE  INDEX "index_author_books_on_author_id" ON "author_books" ("author_id")[0m
  [1m[35m (0.1ms)[0m  [1m[34m            SELECT sql
            FROM sqlite_master
            WHERE name='index_author_books_on_author_id' AND type='index'
            UNION ALL
            SELECT sql
            FROM sqlite_temp_master
            WHERE name='index_author_books_on_author_id' AND type='index'
[0m
  [1m[35m (0.1ms)[0m  [1m[35mCREATE  INDEX "index_author_books_on_book_id" ON "author_books" ("book_id")[0m
  [1m[35mSQL (2.4ms)[0m  [1m[32mINSERT INTO "schema_migrations" ("version") VALUES (?)[0m  [["version", "20190305015441"]]
  [1m[35m (6.4ms)[0m  [1m[36mcommit transaction[0m
Migrating to CreateLikes (20190305015448)
  [1m[35m (0.1ms)[0m  [1m[36mbegin transaction[0m
  [1m[35m (1.1ms)[0m  [1m[35mCREATE TABLE "likes" ("id" INTEGER PRIMARY KEY AUTOINCREMENT NOT NULL, "user_id" integer, "book_id" integer, "created_at" datetime NOT NULL, "updated_at" datetime NOT NULL, CONSTRAINT "fk_rails_1e09b5dabf"
FOREIGN KEY ("user_id")
  REFERENCES "users" ("id")
, CONSTRAINT "fk_rails_15895dfb71"
FOREIGN KEY ("book_id")
  REFERENCES "books" ("id")
)[0m
  [1m[35m (0.1ms)[0m  [1m[35mCREATE  INDEX "index_likes_on_user_id" ON "likes" ("user_id")[0m
  [1m[35m (0.1ms)[0m  [1m[34m            SELECT sql
            FROM sqlite_master
            WHERE name='index_likes_on_user_id' AND type='index'
            UNION ALL
            SELECT sql
            FROM sqlite_temp_master
            WHERE name='index_likes_on_user_id' AND type='index'
[0m
  [1m[35m (0.1ms)[0m  [1m[35mCREATE  INDEX "index_likes_on_book_id" ON "likes" ("book_id")[0m
  [1m[35mSQL (1.0ms)[0m  [1m[32mINSERT INTO "schema_migrations" ("version") VALUES (?)[0m  [["version", "20190305015448"]]
  [1m[35m (6.9ms)[0m  [1m[36mcommit transaction[0m
Migrating to CreateComments (20190305015501)
  [1m[35m (0.2ms)[0m  [1m[36mbegin transaction[0m
  [1m[35m (1.2ms)[0m  [1m[35mCREATE TABLE "comments" ("id" INTEGER PRIMARY KEY AUTOINCREMENT NOT NULL, "user_id" integer, "book_id" integer, "content" varchar, "created_at" datetime NOT NULL, "updated_at" datetime NOT NULL, CONSTRAINT "fk_rails_03de2dc08c"
FOREIGN KEY ("user_id")
  REFERENCES "users" ("id")
, CONSTRAINT "fk_rails_a98e86e5b9"
FOREIGN KEY ("book_id")
  REFERENCES "books" ("id")
)[0m
  [1m[35m (0.1ms)[0m  [1m[35mCREATE  INDEX "index_comments_on_user_id" ON "comments" ("user_id")[0m
  [1m[35m (0.1ms)[0m  [1m[34m            SELECT sql
            FROM sqlite_master
            WHERE name='index_comments_on_user_id' AND type='index'
            UNION ALL
            SELECT sql
            FROM sqlite_temp_master
            WHERE name='index_comments_on_user_id' AND type='index'
[0m
  [1m[35m (0.1ms)[0m  [1m[35mCREATE  INDEX "index_comments_on_book_id" ON "comments" ("book_id")[0m
  [1m[35mSQL (0.2ms)[0m  [1m[32mINSERT INTO "schema_migrations" ("version") VALUES (?)[0m  [["version", "20190305015501"]]
  [1m[35m (5.1ms)[0m  [1m[36mcommit transaction[0m
Migrating to CreateRatings (20190305015512)
  [1m[35m (0.1ms)[0m  [1m[36mbegin transaction[0m
  [1m[35m (1.0ms)[0m  [1m[35mCREATE TABLE "ratings" ("id" INTEGER PRIMARY KEY AUTOINCREMENT NOT NULL, "user_id" integer, "book_id" integer, "number_rating" integer, "created_at" datetime NOT NULL, "updated_at" datetime NOT NULL, CONSTRAINT "fk_rails_a7dfeb9f5f"
FOREIGN KEY ("user_id")
  REFERENCES "users" ("id")
, CONSTRAINT "fk_rails_99afded93e"
FOREIGN KEY ("book_id")
  REFERENCES "books" ("id")
)[0m
  [1m[35m (0.1ms)[0m  [1m[35mCREATE  INDEX "index_ratings_on_user_id" ON "ratings" ("user_id")[0m
  [1m[35m (0.1ms)[0m  [1m[34m            SELECT sql
            FROM sqlite_master
            WHERE name='index_ratings_on_user_id' AND type='index'
            UNION ALL
            SELECT sql
            FROM sqlite_temp_master
            WHERE name='index_ratings_on_user_id' AND type='index'
[0m
  [1m[35m (0.1ms)[0m  [1m[35mCREATE  INDEX "index_ratings_on_book_id" ON "ratings" ("book_id")[0m
  [1m[35mSQL (0.2ms)[0m  [1m[32mINSERT INTO "schema_migrations" ("version") VALUES (?)[0m  [["version", "20190305015512"]]
  [1m[35m (6.4ms)[0m  [1m[36mcommit transaction[0m
Migrating to CreateRequests (20190305015521)
  [1m[35m (0.1ms)[0m  [1m[36mbegin transaction[0m
  [1m[35m (1.1ms)[0m  [1m[35mCREATE TABLE "requests" ("id" INTEGER PRIMARY KEY AUTOINCREMENT NOT NULL, "user_id" integer, "book_id" integer, "quantity" integer, "from_date" date, "to_date" date, "price" integer DEFAULT 0, "status" integer DEFAULT 0, "created_at" datetime NOT NULL, "updated_at" datetime NOT NULL, CONSTRAINT "fk_rails_8ead8b1e6b"
FOREIGN KEY ("user_id")
  REFERENCES "users" ("id")
, CONSTRAINT "fk_rails_2fb03f8241"
FOREIGN KEY ("book_id")
  REFERENCES "books" ("id")
)[0m
  [1m[35m (0.2ms)[0m  [1m[35mCREATE  INDEX "index_requests_on_user_id" ON "requests" ("user_id")[0m
  [1m[35m (0.1ms)[0m  [1m[34m            SELECT sql
            FROM sqlite_master
            WHERE name='index_requests_on_user_id' AND type='index'
            UNION ALL
            SELECT sql
            FROM sqlite_temp_master
            WHERE name='index_requests_on_user_id' AND type='index'
[0m
  [1m[35m (0.2ms)[0m  [1m[35mCREATE  INDEX "index_requests_on_book_id" ON "requests" ("book_id")[0m
  [1m[35mSQL (1.2ms)[0m  [1m[32mINSERT INTO "schema_migrations" ("version") VALUES (?)[0m  [["version", "20190305015521"]]
  [1m[35m (6.5ms)[0m  [1m[36mcommit transaction[0m
Migrating to CreateFollows (20190305015542)
  [1m[35m (0.1ms)[0m  [1m[36mbegin transaction[0m
  [1m[35m (1.1ms)[0m  [1m[35mCREATE TABLE "follows" ("id" INTEGER PRIMARY KEY AUTOINCREMENT NOT NULL, "user_id" integer, "author_id" integer, "created_at" datetime NOT NULL, "updated_at" datetime NOT NULL, CONSTRAINT "fk_rails_32479bd030"
FOREIGN KEY ("user_id")
  REFERENCES "users" ("id")
, CONSTRAINT "fk_rails_1965bd1da1"
FOREIGN KEY ("author_id")
  REFERENCES "authors" ("id")
)[0m
  [1m[35m (0.1ms)[0m  [1m[35mCREATE  INDEX "index_follows_on_user_id" ON "follows" ("user_id")[0m
  [1m[35m (0.1ms)[0m  [1m[34m            SELECT sql
            FROM sqlite_master
            WHERE name='index_follows_on_user_id' AND type='index'
            UNION ALL
            SELECT sql
            FROM sqlite_temp_master
            WHERE name='index_follows_on_user_id' AND type='index'
[0m
  [1m[35m (0.2ms)[0m  [1m[35mCREATE  INDEX "index_follows_on_author_id" ON "follows" ("author_id")[0m
  [1m[35mSQL (2.1ms)[0m  [1m[32mINSERT INTO "schema_migrations" ("version") VALUES (?)[0m  [["version", "20190305015542"]]
  [1m[35m (5.3ms)[0m  [1m[36mcommit transaction[0m
  [1m[36mActiveRecord::InternalMetadata Load (0.2ms)[0m  [1m[34mSELECT  "ar_internal_metadata".* FROM "ar_internal_metadata" WHERE "ar_internal_metadata"."key" = ? LIMIT ?[0m  [["key", "environment"], ["LIMIT", 1]]
  [1m[35m (0.1ms)[0m  [1m[36mbegin transaction[0m
  [1m[35mSQL (1.0ms)[0m  [1m[32mINSERT INTO "ar_internal_metadata" ("key", "value", "created_at", "updated_at") VALUES (?, ?, ?, ?)[0m  [["key", "environment"], ["value", "development"], ["created_at", "2019-03-05 03:54:32.431190"], ["updated_at", "2019-03-05 03:54:32.431190"]]
  [1m[35m (4.3ms)[0m  [1m[36mcommit transaction[0m
  [1m[35m (0.1ms)[0m  [1m[34mSELECT "schema_migrations"."version" FROM "schema_migrations" ORDER BY "schema_migrations"."version" ASC[0m
  [1m[35m (0.1ms)[0m  [1m[34m            SELECT sql
            FROM sqlite_master
            WHERE name='index_author_books_on_book_id' AND type='index'
            UNION ALL
            SELECT sql
            FROM sqlite_temp_master
            WHERE name='index_author_books_on_book_id' AND type='index'
[0m
  [1m[35m (0.2ms)[0m  [1m[34m            SELECT sql
            FROM sqlite_master
            WHERE name='index_author_books_on_author_id' AND type='index'
            UNION ALL
            SELECT sql
            FROM sqlite_temp_master
            WHERE name='index_author_books_on_author_id' AND type='index'
[0m
  [1m[35m (0.1ms)[0m  [1m[34m            SELECT sql
            FROM sqlite_master
            WHERE name='index_books_on_publisher_id' AND type='index'
            UNION ALL
            SELECT sql
            FROM sqlite_temp_master
            WHERE name='index_books_on_publisher_id' AND type='index'
[0m
  [1m[35m (0.1ms)[0m  [1m[34m            SELECT sql
            FROM sqlite_master
            WHERE name='index_books_on_category_id' AND type='index'
            UNION ALL
            SELECT sql
            FROM sqlite_temp_master
            WHERE name='index_books_on_category_id' AND type='index'
[0m
  [1m[35m (0.1ms)[0m  [1m[34m            SELECT sql
            FROM sqlite_master
            WHERE name='index_books_on_author_id' AND type='index'
            UNION ALL
            SELECT sql
            FROM sqlite_temp_master
            WHERE name='index_books_on_author_id' AND type='index'
[0m
  [1m[35m (0.1ms)[0m  [1m[34m            SELECT sql
            FROM sqlite_master
            WHERE name='index_comments_on_book_id' AND type='index'
            UNION ALL
            SELECT sql
            FROM sqlite_temp_master
            WHERE name='index_comments_on_book_id' AND type='index'
[0m
  [1m[35m (0.1ms)[0m  [1m[34m            SELECT sql
            FROM sqlite_master
            WHERE name='index_comments_on_user_id' AND type='index'
            UNION ALL
            SELECT sql
            FROM sqlite_temp_master
            WHERE name='index_comments_on_user_id' AND type='index'
[0m
  [1m[35m (0.1ms)[0m  [1m[34m            SELECT sql
            FROM sqlite_master
            WHERE name='index_follows_on_author_id' AND type='index'
            UNION ALL
            SELECT sql
            FROM sqlite_temp_master
            WHERE name='index_follows_on_author_id' AND type='index'
[0m
  [1m[35m (0.1ms)[0m  [1m[34m            SELECT sql
            FROM sqlite_master
            WHERE name='index_follows_on_user_id' AND type='index'
            UNION ALL
            SELECT sql
            FROM sqlite_temp_master
            WHERE name='index_follows_on_user_id' AND type='index'
[0m
  [1m[35m (0.1ms)[0m  [1m[34m            SELECT sql
            FROM sqlite_master
            WHERE name='index_likes_on_book_id' AND type='index'
            UNION ALL
            SELECT sql
            FROM sqlite_temp_master
            WHERE name='index_likes_on_book_id' AND type='index'
[0m
  [1m[35m (0.1ms)[0m  [1m[34m            SELECT sql
            FROM sqlite_master
            WHERE name='index_likes_on_user_id' AND type='index'
            UNION ALL
            SELECT sql
            FROM sqlite_temp_master
            WHERE name='index_likes_on_user_id' AND type='index'
[0m
  [1m[35m (0.1ms)[0m  [1m[34m            SELECT sql
            FROM sqlite_master
            WHERE name='index_ratings_on_book_id' AND type='index'
            UNION ALL
            SELECT sql
            FROM sqlite_temp_master
            WHERE name='index_ratings_on_book_id' AND type='index'
[0m
  [1m[35m (0.1ms)[0m  [1m[34m            SELECT sql
            FROM sqlite_master
            WHERE name='index_ratings_on_user_id' AND type='index'
            UNION ALL
            SELECT sql
            FROM sqlite_temp_master
            WHERE name='index_ratings_on_user_id' AND type='index'
[0m
  [1m[35m (0.1ms)[0m  [1m[34m            SELECT sql
            FROM sqlite_master
            WHERE name='index_requests_on_book_id' AND type='index'
            UNION ALL
            SELECT sql
            FROM sqlite_temp_master
            WHERE name='index_requests_on_book_id' AND type='index'
[0m
  [1m[35m (0.1ms)[0m  [1m[34m            SELECT sql
            FROM sqlite_master
            WHERE name='index_requests_on_user_id' AND type='index'
            UNION ALL
            SELECT sql
            FROM sqlite_temp_master
            WHERE name='index_requests_on_user_id' AND type='index'
[0m
Started GET "/" for 127.0.0.1 at 2019-03-05 14:19:46 +0700
  [1m[35m (0.2ms)[0m  [1m[34mSELECT "schema_migrations"."version" FROM "schema_migrations" ORDER BY "schema_migrations"."version" ASC[0m
Processing by Rails::WelcomeController#index as HTML
  Rendering /home/tth/.rvm/gems/ruby-2.4.2/gems/railties-5.1.6.1/lib/rails/templates/rails/welcome/index.html.erb
  Rendered /home/tth/.rvm/gems/ruby-2.4.2/gems/railties-5.1.6.1/lib/rails/templates/rails/welcome/index.html.erb (9.2ms)
Completed 200 OK in 37ms (Views: 23.8ms | ActiveRecord: 0.0ms)


